[23-Mar-2024 01:01:04 UTC] PHP Fatal error:  Uncaught UnexpectedValueException: creating archive "/home/erpcpanel/public_html/sale.erpcpanel.com/vendor/paragonie/random_compat/dist/random_compat.phar" disabled by the php.ini setting phar.readonly in /home/erpcpanel/public_html/sale.erpcpanel.com/vendor/paragonie/random_compat/other/build_phar.php:9
Stack trace:
#0 /home/erpcpanel/public_html/sale.erpcpanel.com/vendor/paragonie/random_compat/other/build_phar.php(9): Phar->__construct('/home/erpcpanel...', 256, 'random_compat.p...')
#1 {main}
  thrown in /home/erpcpanel/public_html/sale.erpcpanel.com/vendor/paragonie/random_compat/other/build_phar.php on line 9
[03-Apr-2024 08:04:50 UTC] PHP Fatal error:  Uncaught UnexpectedValueException: creating archive "/home/erpcpanel/public_html/sale.erpcpanel.com/vendor/paragonie/random_compat/dist/random_compat.phar" disabled by the php.ini setting phar.readonly in /home/erpcpanel/public_html/sale.erpcpanel.com/vendor/paragonie/random_compat/other/build_phar.php:9
Stack trace:
#0 /home/erpcpanel/public_html/sale.erpcpanel.com/vendor/paragonie/random_compat/other/build_phar.php(9): Phar->__construct('/home/erpcpanel...', 256, 'random_compat.p...')
#1 {main}
  thrown in /home/erpcpanel/public_html/sale.erpcpanel.com/vendor/paragonie/random_compat/other/build_phar.php on line 9
